
CondaError: Run 'conda init' before 'conda deactivate'

no change     /storage/apps/ANACONDA/anaconda3_2023/condabin/conda
no change     /storage/apps/ANACONDA/anaconda3_2023/bin/conda
no change     /storage/apps/ANACONDA/anaconda3_2023/bin/conda-env
no change     /storage/apps/ANACONDA/anaconda3_2023/bin/activate
no change     /storage/apps/ANACONDA/anaconda3_2023/bin/deactivate
no change     /storage/apps/ANACONDA/anaconda3_2023/etc/profile.d/conda.sh
no change     /storage/apps/ANACONDA/anaconda3_2023/etc/fish/conf.d/conda.fish
no change     /storage/apps/ANACONDA/anaconda3_2023/shell/condabin/Conda.psm1
no change     /storage/apps/ANACONDA/anaconda3_2023/shell/condabin/conda-hook.ps1
no change     /storage/apps/ANACONDA/anaconda3_2023/lib/python3.11/site-packages/xontrib/conda.xsh
no change     /storage/apps/ANACONDA/anaconda3_2023/etc/profile.d/conda.csh
no change     /home/cmonzo/.bashrc
No action taken.

usage: sqanti_reads.py [-h] [--genome GENOME] --annotation ANNOTATION -de
                       INDESIGN [-i INPUT_DIR] [-f INFACTOR] [-p PREFIX]
                       [-d DIR] [--min_ref_len MIN_REF_LEN]
                       [--force_id_ignore] [--aligner_choice {minimap2,uLTRA}]
                       [-t CPUS] [-n CHUNKS] [-s SITES] [-ge ANNOTEXP]
                       [-je JXNEXP] [-pc PERCCOV] [-pj PERCMAXJXN]
                       [-fl FACTORLVL] [--all_tables] [--pca_tables]
                       [--report {pdf,html,both}] [--verbose] [-v]
sqanti_reads.py: error: argument -de/--design: expected one argument
